2024-06-11 07:45:42 mylogger  /Users/ganmh/django/py3-django/django01/app01/views.py:10 views:runoob INFO- info log
2024-06-11 07:47:52 mylogger  /Users/ganmh/django/py3-django/django01/app01/views.py:10 views:runoob INFO- info log
2024-06-11 08:17:28 mylogger  /Users/ganmh/django/py3-django/django01/app01/views.py:10 views:runoob INFO- info log
2024-06-11 08:18:07 mylogger  /Users/ganmh/django/py3-django/django01/app01/views.py:10 views:runoob INFO- info log
2024-06-11 08:47:18 mylogger  /Users/ganmh/django/py3-django/django01/app01/views.py:10 views:runoob INFO- info log
2024-06-11 08:48:34 mylogger  /Users/ganmh/django/py3-django/django01/app01/views.py:10 views:runoob INFO- info log
INFO [2024-06-11 08:50:06] [oohdc5f2] : info log
INFO [2024-06-11 09:01:47] [0b8fjuj2] : info log
INFO [2024-06-11 09:02:58] [e0bvs1k2] : info log
INFO [2024-06-11 09:04:21] [5rmfo6k2] : +++++ request_begin: [/web/runoob/] [GET] []
INFO [2024-06-11 09:04:21] [5rmfo6k2] : info log
INFO [2024-06-11 09:04:21] [5rmfo6k2] : ----- request_end: [/web/runoob/]
INFO [2024-06-11 09:05:18] [vt8pk9k2] : +++++ request_begin: [/web/runoob/] [GET] []
INFO [2024-06-11 09:05:18] [vt8pk9k2] : info log
INFO [2024-06-11 09:05:18] [vt8pk9k2] : ----- request_end: [/web/runoob/]
INFO [2024-06-11 09:07:07] [llo09fk2] : +++++ request_begin: [/web/runoob/] [GET] []
INFO [2024-06-11 09:07:07] [llo09fk2] : info log
INFO [2024-06-11 09:07:07] [llo09fk2] : ----- request_end: [/web/runoob/]
INFO [2024-06-11 09:11:21] [4d292pk2] : +++++ request_begin: [/web/runoob/] [GET] []
INFO [2024-06-11 09:11:21] [4d292pk2] : info log
INFO [2024-06-11 09:11:21] [4d292pk2] : ----- request_end: [/web/runoob/]
INFO [2024-06-11 09:12:23] [none] : +++++ request_begin: [/web/runoob/] [GET] []
INFO [2024-06-11 09:12:23] [none] : info log
INFO [2024-06-11 09:12:23] [none] : ----- request_end: [/web/runoob/]
DEBUG [2024-06-11 09:12:23] [none] : Exception while resolving variable 'exception_notes' in template 'unknown'.
Traceback (most recent call last):
  File "/Users/ganmh/django/py3-django/django3-env/lib/python3.9/site-packages/django/core/handlers/exception.py", line 55, in inner
    response = get_response(request)
  File "/Users/ganmh/django/py3-django/django3-env/lib/python3.9/site-packages/django/utils/deprecation.py", line 136, in __call__
    response = self.process_response(request, response)
  File "/Users/ganmh/django/py3-django/django01/django01/log_middleware.py", line 52, in process_response
    response['X-Request-ID'] = local.request_id
AttributeError: '_thread._local' object has no attribute 'request_id'

During handling of the above exception, another exception occurred:

Traceback (most recent call last):
  File "/Users/ganmh/django/py3-django/django3-env/lib/python3.9/site-packages/django/template/base.py", line 880, in _resolve_lookup
    current = current[bit]
  File "/Users/ganmh/django/py3-django/django3-env/lib/python3.9/site-packages/django/template/context.py", line 83, in __getitem__
    raise KeyError(key)
KeyError: 'exception_notes'

During handling of the above exception, another exception occurred:

Traceback (most recent call last):
  File "/Users/ganmh/django/py3-django/django3-env/lib/python3.9/site-packages/django/template/base.py", line 886, in _resolve_lookup
    if isinstance(current, BaseContext) and getattr(
AttributeError: type object 'Context' has no attribute 'exception_notes'

During handling of the above exception, another exception occurred:

Traceback (most recent call last):
  File "/Users/ganmh/django/py3-django/django3-env/lib/python3.9/site-packages/django/template/base.py", line 896, in _resolve_lookup
    current = current[int(bit)]
ValueError: invalid literal for int() with base 10: 'exception_notes'

During handling of the above exception, another exception occurred:

Traceback (most recent call last):
  File "/Users/ganmh/django/py3-django/django3-env/lib/python3.9/site-packages/django/template/base.py", line 903, in _resolve_lookup
    raise VariableDoesNotExist(
django.template.base.VariableDoesNotExist: Failed lookup for key [exception_notes] in [{'True': True, 'False': False, 'None': None}, {'is_email': False, 'unicode_hint': '', 'frames': [{'exc_cause': None, 'exc_cause_explicit': None, 'tb': <traceback object at 0x103655c00>, 'type': 'django', 'filename': '/Users/ganmh/django/py3-django/django3-env/lib/python3.9/site-packages/django/core/handlers/exception.py', 'function': 'inner', 'lineno': 55, 'vars': [('request', "<WSGIRequest: GET '/web/runoob/'>"), ('exc', 'AttributeError("\'_thread._local\' object has no attribute \'request_id\'")'), ('get_response', '<RequestIDMiddleware get_response=BaseHandler._get_response>')], 'id': 4351941632, 'pre_context': ['', '        return inner', '    else:', '', '        @wraps(get_response)', '        def inner(request):', '            try:'], 'context_line': '                response = get_response(request)', 'post_context': ['            except Exception as exc:', '                response = response_for_exception(request, exc)', '            return response', '', '        return inner', ''], 'pre_context_lineno': 48, 'colno': '', 'tb_area_colno': ''}, {'exc_cause': None, 'exc_cause_explicit': None, 'tb': <traceback object at 0x10361b340>, 'type': 'django', 'filename': '/Users/ganmh/django/py3-django/django3-env/lib/python3.9/site-packages/django/utils/deprecation.py', 'function': '__call__', 'lineno': 136, 'vars': [('self', '<RequestIDMiddleware get_response=BaseHandler._get_response>'), ('request', "<WSGIRequest: GET '/web/runoob/'>"), ('response', '<HttpResponse status_code=200, "text/html; charset=utf-8">')], 'id': 4351701824, 'pre_context': ['        if iscoroutinefunction(self):', '            return self.__acall__(request)', '        response = None', '        if hasattr(self, "process_request"):', '            response = self.process_request(request)', '        response = response or self.get_response(request)', '        if hasattr(self, "process_response"):'], 'context_line': '            response = self.process_response(request, response)', 'post_context': ['        return response', '', '    async def __acall__(self, request):', '        """', '        Async version of __call__ that is swapped in when an async request', '        is running.'], 'pre_context_lineno': 129, 'colno': '', 'tb_area_colno': ''}, {'exc_cause': None, 'exc_cause_explicit': None, 'tb': <traceback object at 0x10364ab00>, 'type': 'user', 'filename': '/Users/ganmh/django/py3-django/django01/django01/log_middleware.py', 'function': 'process_response', 'lineno': 52, 'vars': [('self', '<RequestIDMiddleware get_response=BaseHandler._get_response>'), ('request', "<WSGIRequest: GET '/web/runoob/'>"), ('response', '<HttpResponse status_code=200, "text/html; charset=utf-8">')], 'id': 4351896320, 'pre_context': ["        request.request_id = request.META.get('HTTP_X_REQUEST_ID', generate_sid())", '        logger.info("+++++ request_begin: [{}] [{}] {}".format(request.path, request.method, list(request.GET.items())))', '', '    def process_response(self, request, response):', '        logger.info("----- request_end: [{}]".format(request.path))', '        #import pdb;pdb.set_trace()', "        if hasattr(request, 'request_id'):"], 'context_line': "            response['X-Request-ID'] = local.request_id", 'post_context': ['        try:', '            del local.request_id', '        except AttributeError:', '            pass', '        return response'], 'pre_context_lineno': 45, 'colno': '', 'tb_area_colno': ''}], 'request': <WSGIRequest: GET '/web/runoob/'>, 'request_meta': {'MallocNanoZone': '0', 'USER': 'a1111', 'COMMAND_MODE': 'unix2003', '__CFBundleIdentifier': 'com.microsoft.VSCode', 'PATH': '/Users/ganmh/django/py3-django/django3-env/bin:/Users/a1111/.vscode/extensions/ms-python.python-2024.8.0/python_files/deactivate/zsh:/Users/ganmh/django/py3-django/django3-env/bin:/Users/a1111/.vscode/extensions/ms-python.python-2024.8.0/python_files/deactivate/zsh:/Users/ganmh/django/py3-django/django3-env/bin:/Library/Frameworks/Python.framework/Versions/2.7/bin:/opt/homebrew/bin:/opt/homebrew/sbin:/usr/local/bin:/System/Cryptexes/App/usr/bin:/usr/bin:/bin:/usr/sbin:/sbin:/var/run/com.apple.security.cryptexd/codex.system/bootstrap/usr/local/bin:/var/run/com.apple.security.cryptexd/codex.system/bootstrap/usr/bin:/var/run/com.apple.security.cryptexd/codex.system/bootstrap/usr/appleinternal/bin:/Users/a1111/.vscode/extensions/ms-python.python-2024.8.0/python_files/deactivate/zsh:/Users/ganmh/django/py3-django/django3-env/bin:/Library/Frameworks/Python.framework/Versions/2.7/bin:/opt/homebrew/bin:/opt/homebrew/sbin', 'LOGNAME': 'a1111', 'SSH_AUTH_SOCK': '/private/tmp/com.apple.launchd.mRSorDI8Ro/Listeners', 'HOME': '/Users/a1111', 'SHELL': '/bin/zsh', 'TMPDIR': '/var/folders/mn/p51bw3_s1jx9fltl3zrm8yzh0000gn/T/', '__CF_USER_TEXT_ENCODING': '0x1F5:0x19:0x34', 'XPC_SERVICE_NAME': '0', 'XPC_FLAGS': '0x0', 'ORIGINAL_XDG_CURRENT_DESKTOP': 'undefined', 'SHLVL': '1', 'PWD': '/Users/ganmh/django/py3-django/django01', 'OLDPWD': '/Users/ganmh/django/py3-django', 'HOMEBREW_PIP_INDEX_URL': 'https://pypi.mirrors.ustc.edu.cn/simple', 'HOMEBREW_API_DOMAIN': '********************', 'HOMEBREW_BOTTLE_DOMAIN': 'https://mirrors.ustc.edu.cn/homebrew-bottles', 'HOMEBREW_PREFIX': '/opt/homebrew', 'HOMEBREW_CELLAR': '/opt/homebrew/Cellar', 'HOMEBREW_REPOSITORY': '/opt/homebrew', 'MANPATH': '/opt/homebrew/share/man::', 'INFOPATH': '/opt/homebrew/share/info:/opt/homebrew/share/info:', 'TERM_PROGRAM': 'vscode', 'TERM_PROGRAM_VERSION': '1.90.0', 'LANG': 'zh_CN.UTF-8', 'COLORTERM': 'truecolor', 'GIT_ASKPASS': '********************', 'VSCODE_GIT_ASKPASS_NODE': '********************', 'VSCODE_GIT_ASKPASS_EXTRA_ARGS': '********************', 'VSCODE_GIT_ASKPASS_MAIN': '********************', 'VSCODE_GIT_IPC_HANDLE': '/var/folders/mn/p51bw3_s1jx9fltl3zrm8yzh0000gn/T/vscode-git-3800a68095.sock', 'VSCODE_INJECTION': '1', 'ZDOTDIR': '/Users/a1111', 'USER_ZDOTDIR': '/Users/a1111', 'TERM': 'xterm-256color', 'PS1': '(django3-env) (django3-env) %n@%m %1~ %# ', 'VIRTUAL_ENV': '/Users/ganmh/django/py3-django/django3-env', '_': '/Users/ganmh/django/py3-django/django3-env/bin/python', 'DJANGO_SETTINGS_MODULE': 'django01.settings', 'TZ': 'UTC', 'RUN_MAIN': 'true', 'SERVER_NAME': '1.0.0.127.in-addr.arpa', 'GATEWAY_INTERFACE': 'CGI/1.1', 'SERVER_PORT': '8000', 'REMOTE_HOST': '', 'CONTENT_LENGTH': '', 'SCRIPT_NAME': '', 'SERVER_PROTOCOL': 'HTTP/1.1', 'SERVER_SOFTWARE': 'WSGIServer/0.2', 'REQUEST_METHOD': 'GET', 'PATH_INFO': '/web/runoob/', 'QUERY_STRING': '', 'REMOTE_ADDR': '127.0.0.1', 'CONTENT_TYPE': 'text/plain', 'HTTP_HOST': 'localhost:8000', 'HTTP_SEC_FETCH_SITE': 'none', 'HTTP_COOKIE': '********************', 'HTTP_CONNECTION': 'keep-alive', 'HTTP_UPGRADE_INSECURE_REQUESTS': '1', 'HTTP_SEC_FETCH_MODE': 'navigate', 'HTTP_ACCEPT': 'text/html,application/xhtml+xml,application/xml;q=0.9,*/*;q=0.8', 'HTTP_USER_AGENT': 'Mozilla/5.0 (Macintosh; Intel Mac OS X 10_15_7) AppleWebKit/605.1.15 (KHTML, like Gecko) Version/17.1 Safari/605.1.15', 'HTTP_ACCEPT_LANGUAGE': 'zh-CN,zh-Hans;q=0.9', 'HTTP_SEC_FETCH_DEST': 'document', 'HTTP_ACCEPT_ENCODING': 'gzip, deflate', 'wsgi.input': <django.core.handlers.wsgi.LimitedStream object at 0x103617550>, 'wsgi.errors': <_io.TextIOWrapper name='<stderr>' mode='w' encoding='utf-8'>, 'wsgi.version': (1, 0), 'wsgi.run_once': False, 'wsgi.url_scheme': 'http', 'wsgi.multithread': True, 'wsgi.multiprocess': False, 'wsgi.file_wrapper': <class 'wsgiref.util.FileWrapper'>, 'CSRF_COOKIE': 'V9b8grEG8ONqhRn3hKte1DKJr78u0Zfg'}, 'request_COOKIES_items': dict_items([('sid', 'Fe26.2**dee18257ab09d5a5ebbfab1b6a6454f845d2cf3e22c0b0f937570185968d983a*V0N8FDGfubLp_Q9b4ke4bw*Zuh2xNflBdZc89GZWZCgb0zmWbGq9_04RVsDbfq7Jhwtr_Kco6vlY0Ra-4WGqXG-_rQuMTDNWzJE4_hQ9bD_EPPeGJJIPnvrAQ2Ywg7Q0bcuWDNVkmEh7qhy7lKb0P1HJDt9c-Kv9jCUgGCfzztjwBseI8PKSlcR1DDUQsYrt0fhax7HwvjZbBHAHTVhfWFhEPXcNo4e71D05oW7ZtJw1h4hH8osPN9l6sqRbp0mWx7TS6hGxdxfcuxM4QDoEl2Y**308e92b58cbdd4758527856b6b10666e2c4869b00e983c6fc368ae533f2062e1*FKFVLhA6og9kO0HkIYOSFy5kveXEGpl04pfoD_LYD0s'), ('csrftoken', '********************'), ('device', 'desktop'), ('lang', 'zh-cn'), ('theme', 'default'), ('tab', 'my'), ('windowHeight', '948'), ('windowWidth', '1554'), ('keepLogin', 'on'), ('za', 'admin'), ('zentaosid', '51b52fb2dfbeb05c8678e98eec5098de'), ('zp', '38954b0c25411651340b9f4741bc103d075f491e'), ('goback', '%7B%22product%22%3A%22http%3A%5C%2F%5C%2Flocalhost%3A8080%5C%2Fproduct-all.html%22%7D'), ('accessToken', '********************'), ('accessTokenVersion', '********************'), ('jenkins-timestamper-offset', '-28800000')]), 'user_str': 'AnonymousUser', 'filtered_POST_items': [], 'settings': {'ABSOLUTE_URL_OVERRIDES': {}, 'ADMINS': [], 'ALLOWED_HOSTS': [], 'APPEND_SLASH': True, 'AUTHENTICATION_BACKENDS': ['django.contrib.auth.backends.ModelBackend'], 'AUTH_PASSWORD_VALIDATORS': '********************', 'AUTH_USER_MODEL': 'auth.User', 'BASE_DIR': PosixPath('/Users/ganmh/django/py3-django/django01'), 'CACHES': {'default': {'BACKEND': 'django.core.cache.backends.locmem.LocMemCache'}}, 'CACHE_MIDDLEWARE_ALIAS': 'default', 'CACHE_MIDDLEWARE_KEY_PREFIX': '********************', 'CACHE_MIDDLEWARE_SECONDS': 600, 'CSRF_COOKIE_AGE': 31449600, 'CSRF_COOKIE_DOMAIN': None, 'CSRF_COOKIE_HTTPONLY': False, 'CSRF_COOKIE_MASKED': False, 'CSRF_COOKIE_NAME': 'csrftoken', 'CSRF_COOKIE_PATH': '/', 'CSRF_COOKIE_SAMESITE': 'Lax', 'CSRF_COOKIE_SECURE': False, 'CSRF_FAILURE_VIEW': 'django.views.csrf.csrf_failure', 'CSRF_HEADER_NAME': 'HTTP_X_CSRFTOKEN', 'CSRF_TRUSTED_ORIGINS': [], 'CSRF_USE_SESSIONS': False, 'DATABASES': {'default': {'ENGINE': 'django.db.backends.sqlite3', 'NAME': PosixPath('/Users/ganmh/django/py3-django/django01/db.sqlite3'), 'ATOMIC_REQUESTS': False, 'AUTOCOMMIT': True, 'CONN_MAX_AGE': 0, 'CONN_HEALTH_CHECKS': False, 'OPTIONS': {}, 'TIME_ZONE': None, 'USER': '', 'PASSWORD': '********************', 'HOST': '', 'PORT': '', 'TEST': {'CHARSET': None, 'COLLATION': None, 'MIGRATE': True, 'MIRROR': None, 'NAME': None}}}, 'DATABASE_ROUTERS': [], 'DATA_UPLOAD_MAX_MEMORY_SIZE': 2621440, 'DATA_UPLOAD_MAX_NUMBER_FIELDS': 1000, 'DATA_UPLOAD_MAX_NUMBER_FILES': 100, 'DATETIME_FORMAT': 'N j, Y, P', 'DATETIME_INPUT_FORMATS': ['%Y-%m-%d %H:%M:%S', '%Y-%m-%d %H:%M:%S.%f', '%Y-%m-%d %H:%M', '%m/%d/%Y %H:%M:%S', '%m/%d/%Y %H:%M:%S.%f', '%m/%d/%Y %H:%M', '%m/%d/%y %H:%M:%S', '%m/%d/%y %H:%M:%S.%f', '%m/%d/%y %H:%M'], 'DATE_FORMAT': 'N j, Y', 'DATE_INPUT_FORMATS': ['%Y-%m-%d', '%m/%d/%Y', '%m/%d/%y', '%b %d %Y', '%b %d, %Y', '%d %b %Y', '%d %b, %Y', '%B %d %Y', '%B %d, %Y', '%d %B %Y', '%d %B, %Y'], 'DEBUG': True, 'DEBUG_PROPAGATE_EXCEPTIONS': False, 'DECIMAL_SEPARATOR': '.', 'DEFAULT_AUTO_FIELD': 'django.db.models.BigAutoField', 'DEFAULT_CHARSET': 'utf-8', 'DEFAULT_EXCEPTION_REPORTER': 'django.views.debug.ExceptionReporter', 'DEFAULT_EXCEPTION_REPORTER_FILTER': 'django.views.debug.SafeExceptionReporterFilter', 'DEFAULT_FILE_STORAGE': 'django.core.files.storage.FileSystemStorage', 'DEFAULT_FROM_EMAIL': 'webmaster@localhost', 'DEFAULT_INDEX_TABLESPACE': '', 'DEFAULT_TABLESPACE': '', 'DISALLOWED_USER_AGENTS': [], 'EMAIL_BACKEND': 'django.core.mail.backends.smtp.EmailBackend', 'EMAIL_HOST': 'localhost', 'EMAIL_HOST_PASSWORD': '********************', 'EMAIL_HOST_USER': '', 'EMAIL_PORT': 25, 'EMAIL_SSL_CERTFILE': None, 'EMAIL_SSL_KEYFILE': '********************', 'EMAIL_SUBJECT_PREFIX': '[Django] ', 'EMAIL_TIMEOUT': None, 'EMAIL_USE_LOCALTIME': False, 'EMAIL_USE_SSL': False, 'EMAIL_USE_TLS': False, 'FILE_UPLOAD_DIRECTORY_PERMISSIONS': None, 'FILE_UPLOAD_HANDLERS': ['django.core.files.uploadhandler.MemoryFileUploadHandler', 'django.core.files.uploadhandler.TemporaryFileUploadHandler'], 'FILE_UPLOAD_MAX_MEMORY_SIZE': 2621440, 'FILE_UPLOAD_PERMISSIONS': 420, 'FILE_UPLOAD_TEMP_DIR': None, 'FIRST_DAY_OF_WEEK': 0, 'FIXTURE_DIRS': [], 'FORCE_SCRIPT_NAME': None, 'FORMAT_MODULE_PATH': None, 'FORM_RENDERER': 'django.forms.renderers.DjangoTemplates', 'IGNORABLE_404_URLS': [], 'INSTALLED_APPS': ['django.contrib.admin', 'django.contrib.auth', 'django.contrib.contenttypes', 'django.contrib.sessions', 'django.contrib.messages', 'django.contrib.staticfiles'], 'INTERNAL_IPS': [], 'LANGUAGES': [('af', 'Afrikaans'), ('ar', 'Arabic'), ('ar-dz', 'Algerian Arabic'), ('ast', 'Asturian'), ('az', 'Azerbaijani'), ('bg', 'Bulgarian'), ('be', 'Belarusian'), ('bn', 'Bengali'), ('br', 'Breton'), ('bs', 'Bosnian'), ('ca', 'Catalan'), ('ckb', 'Central Kurdish (Sorani)'), ('cs', 'Czech'), ('cy', 'Welsh'), ('da', 'Danish'), ('de', 'German'), ('dsb', 'Lower Sorbian'), ('el', 'Greek'), ('en', 'English'), ('en-au', 'Australian English'), ('en-gb', 'British English'), ('eo', 'Esperanto'), ('es', 'Spanish'), ('es-ar', 'Argentinian Spanish'), ('es-co', 'Colombian Spanish'), ('es-mx', 'Mexican Spanish'), ('es-ni', 'Nicaraguan Spanish'), ('es-ve', 'Venezuelan Spanish'), ('et', 'Estonian'), ('eu', 'Basque'), ('fa', 'Persian'), ('fi', 'Finnish'), ('fr', 'French'), ('fy', 'Frisian'), ('ga', 'Irish'), ('gd', 'Scottish Gaelic'), ('gl', 'Galician'), ('he', 'Hebrew'), ('hi', 'Hindi'), ('hr', 'Croatian'), ('hsb', 'Upper Sorbian'), ('hu', 'Hungarian'), ('hy', 'Armenian'), ('ia', 'Interlingua'), ('id', 'Indonesian'), ('ig', 'Igbo'), ('io', 'Ido'), ('is', 'Icelandic'), ('it', 'Italian'), ('ja', 'Japanese'), ('ka', 'Georgian'), ('kab', 'Kabyle'), ('kk', 'Kazakh'), ('km', 'Khmer'), ('kn', 'Kannada'), ('ko', 'Korean'), ('ky', 'Kyrgyz'), ('lb', 'Luxembourgish'), ('lt', 'Lithuanian'), ('lv', 'Latvian'), ('mk', 'Macedonian'), ('ml', 'Malayalam'), ('mn', 'Mongolian'), ('mr', 'Marathi'), ('ms', 'Malay'), ('my', 'Burmese'), ('nb', 'Norwegian Bokmål'), ('ne', 'Nepali'), ('nl', 'Dutch'), ('nn', 'Norwegian Nynorsk'), ('os', 'Ossetic'), ('pa', 'Punjabi'), ('pl', 'Polish'), ('pt', 'Portuguese'), ('pt-br', 'Brazilian Portuguese'), ('ro', 'Romanian'), ('ru', 'Russian'), ('sk', 'Slovak'), ('sl', 'Slovenian'), ('sq', 'Albanian'), ('sr', 'Serbian'), ('sr-latn', 'Serbian Latin'), ('sv', 'Swedish'), ('sw', 'Swahili'), ('ta', 'Tamil'), ('te', 'Telugu'), ('tg', 'Tajik'), ('th', 'Thai'), ('tk', 'Turkmen'), ('tr', 'Turkish'), ('tt', 'Tatar'), ('udm', 'Udmurt'), ('uk', 'Ukrainian'), ('ur', 'Urdu'), ('uz', 'Uzbek'), ('vi', 'Vietnamese'), ('zh-hans', 'Simplified Chinese'), ('zh-hant', 'Traditional Chinese')], 'LANGUAGES_BIDI': ['he', 'ar', 'ar-dz', 'ckb', 'fa', 'ur'], 'LANGUAGE_CODE': 'en-us', 'LANGUAGE_COOKIE_AGE': None, 'LANGUAGE_COOKIE_DOMAIN': None, 'LANGUAGE_COOKIE_HTTPONLY': False, 'LANGUAGE_COOKIE_NAME': 'django_language', 'LANGUAGE_COOKIE_PATH': '/', 'LANGUAGE_COOKIE_SAMESITE': None, 'LANGUAGE_COOKIE_SECURE': False, 'LOCALE_PATHS': [], 'LOGGING': {'version': 1, 'disable_existing_loggers': False, 'formatters': {'verbose': {'format': '{levelname} {asctime} {module} {process:d} {thread:d} {message}', 'style': '{'}, 'simple': {'format': '{levelname} {message}', 'style': '{'}, 'default': {'format': '%(asctime)s %(name)s  %(pathname)s:%(lineno)d %(module)s:%(funcName)s %(levelname)s- %(message)s', 'datefmt': '%Y-%m-%d %H:%M:%S'}, 'trace': {'format': '%(levelname)s [%(asctime)s] [%(request_id)s] : %(message)s', 'datefmt': '%Y-%m-%d %H:%M:%S'}}, 'filters': {'require_debug_true': {'()': 'django.utils.log.RequireDebugTrue'}, 'request_id': {'()': 'django01.log_middleware.RequestIDFilter'}}, 'handlers': {'console': {'level': 'DEBUG', 'class': 'logging.StreamHandler', 'formatter': 'default'}, 'file': {'level': 'DEBUG', 'class': 'logging.handlers.TimedRotatingFileHandler', 'filename': '/Users/ganmh/django/py3-django/django01/logs/debug.log', 'when': 'D', 'interval': 1, 'formatter': 'trace', 'filters': ['request_id']}, 'request': {'level': 'DEBUG', 'class': 'logging.FileHandler', 'filename': '/Users/ganmh/django/py3-django/django01/logs/request.log', 'formatter': 'default'}, 'server': {'level': 'DEBUG', 'class': 'logging.handlers.WatchedFileHandler', 'filename': '/Users/ganmh/django/py3-django/django01/logs/server.log', 'formatter': 'default'}, 'root': {'level': 'DEBUG', 'class': 'logging.FileHandler', 'filename': '/Users/ganmh/django/py3-django/django01/logs/root.log', 'formatter': 'default'}, 'db_backends': {'level': 'DEBUG', 'class': 'logging.FileHandler', 'filename': '/Users/ganmh/django/py3-django/django01/logs/db_backends.log', 'formatter': 'default'}, 'autoreload': {'level': 'INFO', 'class': 'logging.FileHandler', 'filename': '/Users/ganmh/django/py3-django/django01/logs/autoreload.log', 'formatter': 'default'}, 'default': {'level': 'DEBUG', 'class': 'logging.handlers.RotatingFileHandler', 'filename': '/Users/ganmh/django/py3-django/django01/logs/debug1.log', 'maxBytes': 52428800, 'backupCount': 5, 'formatter': 'default', 'encoding': 'utf-8'}}, 'loggers': {'mylogger': {'level': 'DEBUG', 'handlers': ['console', 'file'], 'propagate': True}, 'django': {'level': 'DEBUG', 'handlers': ['console', 'file'], 'propagate': False}, 'django.request': {'level': 'DEBUG', 'handlers': ['request'], 'propagate': False}, 'django.server': {'level': 'DEBUG', 'handlers': ['server'], 'propagate': False}, 'django.db.backends': {'level': 'DEBUG', 'handlers': ['db_backends'], 'propagate': False}, 'django.utils.autoreload': {'level': 'INFO', 'handlers': ['autoreload'], 'propagate': False}}, 'root': {'level': 'DEBUG', 'handlers': ['root']}}, 'LOGGING_CONFIG': 'logging.config.dictConfig', 'LOGIN_REDIRECT_URL': '/accounts/profile/', 'LOGIN_URL': '/accounts/login/', 'LOGOUT_REDIRECT_URL': None, 'MANAGERS': [], 'MEDIA_ROOT': '', 'MEDIA_URL': '/', 'MESSAGE_STORAGE': 'django.contrib.messages.storage.fallback.FallbackStorage', 'MIDDLEWARE': ['django.middleware.security.SecurityMiddleware', 'django.contrib.sessions.middleware.SessionMiddleware', 'django.middleware.common.CommonMiddleware', 'django.middleware.csrf.CsrfViewMiddleware', 'django.contrib.auth.middleware.AuthenticationMiddleware', 'django.contrib.messages.middleware.MessageMiddleware', 'django.middleware.clickjacking.XFrameOptionsMiddleware', 'django01.log_middleware.RequestIDMiddleware'], 'MIGRATION_MODULES': {}, 'MONTH_DAY_FORMAT': 'F j', 'NUMBER_GROUPING': 0, 'PASSWORD_HASHERS': '********************', 'PASSWORD_RESET_TIMEOUT': '********************', 'PREPEND_WWW': False, 'ROOT_URLCONF': 'django01.urls', 'SECRET_KEY': '********************', 'SECRET_KEY_FALLBACKS': '********************', 'SECURE_CONTENT_TYPE_NOSNIFF': True, 'SECURE_CROSS_ORIGIN_OPENER_POLICY': 'same-origin', 'SECURE_HSTS_INCLUDE_SUBDOMAINS': False, 'SECURE_HSTS_PRELOAD': False, 'SECURE_HSTS_SECONDS': 0, 'SECURE_PROXY_SSL_HEADER': None, 'SECURE_REDIRECT_EXEMPT': [], 'SECURE_REFERRER_POLICY': 'same-origin', 'SECURE_SSL_HOST': None, 'SECURE_SSL_REDIRECT': False, 'SERVER_EMAIL': 'root@localhost', 'SESSION_CACHE_ALIAS': 'default', 'SESSION_COOKIE_AGE': 1209600, 'SESSION_COOKIE_DOMAIN': None, 'SESSION_COOKIE_HTTPONLY': True, 'SESSION_COOKIE_NAME': 'sessionid', 'SESSION_COOKIE_PATH': '/', 'SESSION_COOKIE_SAMESITE': 'Lax', 'SESSION_COOKIE_SECURE': False, 'SESSION_ENGINE': 'django.contrib.sessions.backends.db', 'SESSION_EXPIRE_AT_BROWSER_CLOSE': False, 'SESSION_FILE_PATH': None, 'SESSION_SAVE_EVERY_REQUEST': False, 'SESSION_SERIALIZER': 'django.contrib.sessions.serializers.JSONSerializer', 'SETTINGS_MODULE': 'django01.settings', 'SHORT_DATETIME_FORMAT': 'm/d/Y P', 'SHORT_DATE_FORMAT': 'm/d/Y', 'SIGNING_BACKEND': 'django.core.signing.TimestampSigner', 'SILENCED_SYSTEM_CHECKS': [], 'STATICFILES_DIRS': [], 'STATICFILES_FINDERS': ['django.contrib.staticfiles.finders.FileSystemFinder', 'django.contrib.staticfiles.finders.AppDirectoriesFinder'], 'STATICFILES_STORAGE': 'django.contrib.staticfiles.storage.StaticFilesStorage', 'STATIC_ROOT': None, 'STATIC_URL': '/static/', 'STORAGES': {'default': {'BACKEND': 'django.core.files.storage.FileSystemStorage'}, 'staticfiles': {'BACKEND': 'django.contrib.staticfiles.storage.StaticFilesStorage'}}, 'TEMPLATES': [{'BACKEND': 'django.template.backends.django.DjangoTemplates', 'DIRS': ['/Users/ganmh/django/py3-django/django01/templates'], 'APP_DIRS': True, 'OPTIONS': {'context_processors': ['django.template.context_processors.debug', 'django.template.context_processors.request', 'django.contrib.auth.context_processors.auth', 'django.contrib.messages.context_processors.messages']}}], 'TEST_NON_SERIALIZED_APPS': [], 'TEST_RUNNER': 'django.test.runner.DiscoverRunner', 'THOUSAND_SEPARATOR': ',', 'TIME_FORMAT': 'P', 'TIME_INPUT_FORMATS': ['%H:%M:%S', '%H:%M:%S.%f', '%H:%M'], 'TIME_ZONE': 'UTC', 'USE_DEPRECATED_PYTZ': False, 'USE_I18N': True, 'USE_L10N': True, 'USE_THOUSAND_SEPARATOR': False, 'USE_TZ': True, 'USE_X_FORWARDED_HOST': False, 'USE_X_FORWARDED_PORT': False, 'WSGI_APPLICATION': 'django01.wsgi.application', 'X_FRAME_OPTIONS': 'DENY', 'YEAR_MONTH_FORMAT': 'F Y'}, 'sys_executable': '/Users/ganmh/django/py3-django/django3-env/bin/python', 'sys_version_info': '3.9.6', 'server_time': datetime.datetime(2024, 6, 11, 9, 12, 23, 688932, tzinfo=datetime.timezone.utc), 'django_version_info': '4.2.13', 'sys_path': ['/Users/ganmh/django/py3-django/django01', '/Library/Developer/CommandLineTools/Library/Frameworks/Python3.framework/Versions/3.9/lib/python39.zip', '/Library/Developer/CommandLineTools/Library/Frameworks/Python3.framework/Versions/3.9/lib/python3.9', '/Library/Developer/CommandLineTools/Library/Frameworks/Python3.framework/Versions/3.9/lib/python3.9/lib-dynload', '/Users/ganmh/django/py3-django/django3-env/lib/python3.9/site-packages'], 'template_info': None, 'template_does_not_exist': False, 'postmortem': None, 'request_GET_items': <generator object MultiValueDict.items at 0x104914f20>, 'request_FILES_items': <generator object MultiValueDict.items at 0x104900510>, 'request_insecure_uri': 'http://localhost:8000/web/runoob/', 'raising_view_name': 'app01.views.runoob', 'exception_type': 'AttributeError', 'exception_value': "'_thread._local' object has no attribute 'request_id'", 'lastframe': {'exc_cause': None, 'exc_cause_explicit': None, 'tb': <traceback object at 0x10364ab00>, 'type': 'user', 'filename': '/Users/ganmh/django/py3-django/django01/django01/log_middleware.py', 'function': 'process_response', 'lineno': 52, 'vars': [('self', '<RequestIDMiddleware get_response=BaseHandler._get_response>'), ('request', "<WSGIRequest: GET '/web/runoob/'>"), ('response', '<HttpResponse status_code=200, "text/html; charset=utf-8">')], 'id': 4351896320, 'pre_context': ["        request.request_id = request.META.get('HTTP_X_REQUEST_ID', generate_sid())", '        logger.info("+++++ request_begin: [{}] [{}] {}".format(request.path, request.method, list(request.GET.items())))', '', '    def process_response(self, request, response):', '        logger.info("----- request_end: [{}]".format(request.path))', '        #import pdb;pdb.set_trace()', "        if hasattr(request, 'request_id'):"], 'context_line': "            response['X-Request-ID'] = local.request_id", 'post_context': ['        try:', '            del local.request_id', '        except AttributeError:', '            pass', '        return response'], 'pre_context_lineno': 45, 'colno': '', 'tb_area_colno': ''}}]
DEBUG [2024-06-11 09:12:23] [none] : Exception while resolving variable 'exception_notes' in template 'unknown'.
Traceback (most recent call last):
  File "/Users/ganmh/django/py3-django/django3-env/lib/python3.9/site-packages/django/core/handlers/exception.py", line 55, in inner
    response = get_response(request)
  File "/Users/ganmh/django/py3-django/django3-env/lib/python3.9/site-packages/django/utils/deprecation.py", line 136, in __call__
    response = self.process_response(request, response)
  File "/Users/ganmh/django/py3-django/django01/django01/log_middleware.py", line 52, in process_response
    response['X-Request-ID'] = local.request_id
AttributeError: '_thread._local' object has no attribute 'request_id'

During handling of the above exception, another exception occurred:

Traceback (most recent call last):
  File "/Users/ganmh/django/py3-django/django3-env/lib/python3.9/site-packages/django/template/base.py", line 880, in _resolve_lookup
    current = current[bit]
  File "/Users/ganmh/django/py3-django/django3-env/lib/python3.9/site-packages/django/template/context.py", line 83, in __getitem__
    raise KeyError(key)
KeyError: 'exception_notes'

During handling of the above exception, another exception occurred:

Traceback (most recent call last):
  File "/Users/ganmh/django/py3-django/django3-env/lib/python3.9/site-packages/django/template/base.py", line 886, in _resolve_lookup
    if isinstance(current, BaseContext) and getattr(
AttributeError: type object 'Context' has no attribute 'exception_notes'

During handling of the above exception, another exception occurred:

Traceback (most recent call last):
  File "/Users/ganmh/django/py3-django/django3-env/lib/python3.9/site-packages/django/template/base.py", line 896, in _resolve_lookup
    current = current[int(bit)]
ValueError: invalid literal for int() with base 10: 'exception_notes'

During handling of the above exception, another exception occurred:

Traceback (most recent call last):
  File "/Users/ganmh/django/py3-django/django3-env/lib/python3.9/site-packages/django/template/base.py", line 903, in _resolve_lookup
    raise VariableDoesNotExist(
django.template.base.VariableDoesNotExist: Failed lookup for key [exception_notes] in [{'True': True, 'False': False, 'None': None}, {'is_email': False, 'unicode_hint': '', 'frames': [{'exc_cause': None, 'exc_cause_explicit': None, 'tb': <traceback object at 0x103655c00>, 'type': 'django', 'filename': '/Users/ganmh/django/py3-django/django3-env/lib/python3.9/site-packages/django/core/handlers/exception.py', 'function': 'inner', 'lineno': 55, 'vars': [('request', "<WSGIRequest: GET '/web/runoob/'>"), ('exc', 'AttributeError("\'_thread._local\' object has no attribute \'request_id\'")'), ('get_response', '<RequestIDMiddleware get_response=BaseHandler._get_response>')], 'id': 4351941632, 'pre_context': ['', '        return inner', '    else:', '', '        @wraps(get_response)', '        def inner(request):', '            try:'], 'context_line': '                response = get_response(request)', 'post_context': ['            except Exception as exc:', '                response = response_for_exception(request, exc)', '            return response', '', '        return inner', ''], 'pre_context_lineno': 48, 'colno': '', 'tb_area_colno': ''}, {'exc_cause': None, 'exc_cause_explicit': None, 'tb': <traceback object at 0x10361b340>, 'type': 'django', 'filename': '/Users/ganmh/django/py3-django/django3-env/lib/python3.9/site-packages/django/utils/deprecation.py', 'function': '__call__', 'lineno': 136, 'vars': [('self', '<RequestIDMiddleware get_response=BaseHandler._get_response>'), ('request', "<WSGIRequest: GET '/web/runoob/'>"), ('response', '<HttpResponse status_code=200, "text/html; charset=utf-8">')], 'id': 4351701824, 'pre_context': ['        if iscoroutinefunction(self):', '            return self.__acall__(request)', '        response = None', '        if hasattr(self, "process_request"):', '            response = self.process_request(request)', '        response = response or self.get_response(request)', '        if hasattr(self, "process_response"):'], 'context_line': '            response = self.process_response(request, response)', 'post_context': ['        return response', '', '    async def __acall__(self, request):', '        """', '        Async version of __call__ that is swapped in when an async request', '        is running.'], 'pre_context_lineno': 129, 'colno': '', 'tb_area_colno': ''}, {'exc_cause': None, 'exc_cause_explicit': None, 'tb': <traceback object at 0x10364ab00>, 'type': 'user', 'filename': '/Users/ganmh/django/py3-django/django01/django01/log_middleware.py', 'function': 'process_response', 'lineno': 52, 'vars': [('self', '<RequestIDMiddleware get_response=BaseHandler._get_response>'), ('request', "<WSGIRequest: GET '/web/runoob/'>"), ('response', '<HttpResponse status_code=200, "text/html; charset=utf-8">')], 'id': 4351896320, 'pre_context': ["        request.request_id = request.META.get('HTTP_X_REQUEST_ID', generate_sid())", '        logger.info("+++++ request_begin: [{}] [{}] {}".format(request.path, request.method, list(request.GET.items())))', '', '    def process_response(self, request, response):', '        logger.info("----- request_end: [{}]".format(request.path))', '        #import pdb;pdb.set_trace()', "        if hasattr(request, 'request_id'):"], 'context_line': "            response['X-Request-ID'] = local.request_id", 'post_context': ['        try:', '            del local.request_id', '        except AttributeError:', '            pass', '        return response'], 'pre_context_lineno': 45, 'colno': '', 'tb_area_colno': ''}], 'request': <WSGIRequest: GET '/web/runoob/'>, 'request_meta': {'MallocNanoZone': '0', 'USER': 'a1111', 'COMMAND_MODE': 'unix2003', '__CFBundleIdentifier': 'com.microsoft.VSCode', 'PATH': '/Users/ganmh/django/py3-django/django3-env/bin:/Users/a1111/.vscode/extensions/ms-python.python-2024.8.0/python_files/deactivate/zsh:/Users/ganmh/django/py3-django/django3-env/bin:/Users/a1111/.vscode/extensions/ms-python.python-2024.8.0/python_files/deactivate/zsh:/Users/ganmh/django/py3-django/django3-env/bin:/Library/Frameworks/Python.framework/Versions/2.7/bin:/opt/homebrew/bin:/opt/homebrew/sbin:/usr/local/bin:/System/Cryptexes/App/usr/bin:/usr/bin:/bin:/usr/sbin:/sbin:/var/run/com.apple.security.cryptexd/codex.system/bootstrap/usr/local/bin:/var/run/com.apple.security.cryptexd/codex.system/bootstrap/usr/bin:/var/run/com.apple.security.cryptexd/codex.system/bootstrap/usr/appleinternal/bin:/Users/a1111/.vscode/extensions/ms-python.python-2024.8.0/python_files/deactivate/zsh:/Users/ganmh/django/py3-django/django3-env/bin:/Library/Frameworks/Python.framework/Versions/2.7/bin:/opt/homebrew/bin:/opt/homebrew/sbin', 'LOGNAME': 'a1111', 'SSH_AUTH_SOCK': '/private/tmp/com.apple.launchd.mRSorDI8Ro/Listeners', 'HOME': '/Users/a1111', 'SHELL': '/bin/zsh', 'TMPDIR': '/var/folders/mn/p51bw3_s1jx9fltl3zrm8yzh0000gn/T/', '__CF_USER_TEXT_ENCODING': '0x1F5:0x19:0x34', 'XPC_SERVICE_NAME': '0', 'XPC_FLAGS': '0x0', 'ORIGINAL_XDG_CURRENT_DESKTOP': 'undefined', 'SHLVL': '1', 'PWD': '/Users/ganmh/django/py3-django/django01', 'OLDPWD': '/Users/ganmh/django/py3-django', 'HOMEBREW_PIP_INDEX_URL': 'https://pypi.mirrors.ustc.edu.cn/simple', 'HOMEBREW_API_DOMAIN': '********************', 'HOMEBREW_BOTTLE_DOMAIN': 'https://mirrors.ustc.edu.cn/homebrew-bottles', 'HOMEBREW_PREFIX': '/opt/homebrew', 'HOMEBREW_CELLAR': '/opt/homebrew/Cellar', 'HOMEBREW_REPOSITORY': '/opt/homebrew', 'MANPATH': '/opt/homebrew/share/man::', 'INFOPATH': '/opt/homebrew/share/info:/opt/homebrew/share/info:', 'TERM_PROGRAM': 'vscode', 'TERM_PROGRAM_VERSION': '1.90.0', 'LANG': 'zh_CN.UTF-8', 'COLORTERM': 'truecolor', 'GIT_ASKPASS': '********************', 'VSCODE_GIT_ASKPASS_NODE': '********************', 'VSCODE_GIT_ASKPASS_EXTRA_ARGS': '********************', 'VSCODE_GIT_ASKPASS_MAIN': '********************', 'VSCODE_GIT_IPC_HANDLE': '/var/folders/mn/p51bw3_s1jx9fltl3zrm8yzh0000gn/T/vscode-git-3800a68095.sock', 'VSCODE_INJECTION': '1', 'ZDOTDIR': '/Users/a1111', 'USER_ZDOTDIR': '/Users/a1111', 'TERM': 'xterm-256color', 'PS1': '(django3-env) (django3-env) %n@%m %1~ %# ', 'VIRTUAL_ENV': '/Users/ganmh/django/py3-django/django3-env', '_': '/Users/ganmh/django/py3-django/django3-env/bin/python', 'DJANGO_SETTINGS_MODULE': 'django01.settings', 'TZ': 'UTC', 'RUN_MAIN': 'true', 'SERVER_NAME': '1.0.0.127.in-addr.arpa', 'GATEWAY_INTERFACE': 'CGI/1.1', 'SERVER_PORT': '8000', 'REMOTE_HOST': '', 'CONTENT_LENGTH': '', 'SCRIPT_NAME': '', 'SERVER_PROTOCOL': 'HTTP/1.1', 'SERVER_SOFTWARE': 'WSGIServer/0.2', 'REQUEST_METHOD': 'GET', 'PATH_INFO': '/web/runoob/', 'QUERY_STRING': '', 'REMOTE_ADDR': '127.0.0.1', 'CONTENT_TYPE': 'text/plain', 'HTTP_HOST': 'localhost:8000', 'HTTP_SEC_FETCH_SITE': 'none', 'HTTP_COOKIE': '********************', 'HTTP_CONNECTION': 'keep-alive', 'HTTP_UPGRADE_INSECURE_REQUESTS': '1', 'HTTP_SEC_FETCH_MODE': 'navigate', 'HTTP_ACCEPT': 'text/html,application/xhtml+xml,application/xml;q=0.9,*/*;q=0.8', 'HTTP_USER_AGENT': 'Mozilla/5.0 (Macintosh; Intel Mac OS X 10_15_7) AppleWebKit/605.1.15 (KHTML, like Gecko) Version/17.1 Safari/605.1.15', 'HTTP_ACCEPT_LANGUAGE': 'zh-CN,zh-Hans;q=0.9', 'HTTP_SEC_FETCH_DEST': 'document', 'HTTP_ACCEPT_ENCODING': 'gzip, deflate', 'wsgi.input': <django.core.handlers.wsgi.LimitedStream object at 0x103617550>, 'wsgi.errors': <_io.TextIOWrapper name='<stderr>' mode='w' encoding='utf-8'>, 'wsgi.version': (1, 0), 'wsgi.run_once': False, 'wsgi.url_scheme': 'http', 'wsgi.multithread': True, 'wsgi.multiprocess': False, 'wsgi.file_wrapper': <class 'wsgiref.util.FileWrapper'>, 'CSRF_COOKIE': 'V9b8grEG8ONqhRn3hKte1DKJr78u0Zfg'}, 'request_COOKIES_items': dict_items([('sid', 'Fe26.2**dee18257ab09d5a5ebbfab1b6a6454f845d2cf3e22c0b0f937570185968d983a*V0N8FDGfubLp_Q9b4ke4bw*Zuh2xNflBdZc89GZWZCgb0zmWbGq9_04RVsDbfq7Jhwtr_Kco6vlY0Ra-4WGqXG-_rQuMTDNWzJE4_hQ9bD_EPPeGJJIPnvrAQ2Ywg7Q0bcuWDNVkmEh7qhy7lKb0P1HJDt9c-Kv9jCUgGCfzztjwBseI8PKSlcR1DDUQsYrt0fhax7HwvjZbBHAHTVhfWFhEPXcNo4e71D05oW7ZtJw1h4hH8osPN9l6sqRbp0mWx7TS6hGxdxfcuxM4QDoEl2Y**308e92b58cbdd4758527856b6b10666e2c4869b00e983c6fc368ae533f2062e1*FKFVLhA6og9kO0HkIYOSFy5kveXEGpl04pfoD_LYD0s'), ('csrftoken', '********************'), ('device', 'desktop'), ('lang', 'zh-cn'), ('theme', 'default'), ('tab', 'my'), ('windowHeight', '948'), ('windowWidth', '1554'), ('keepLogin', 'on'), ('za', 'admin'), ('zentaosid', '51b52fb2dfbeb05c8678e98eec5098de'), ('zp', '38954b0c25411651340b9f4741bc103d075f491e'), ('goback', '%7B%22product%22%3A%22http%3A%5C%2F%5C%2Flocalhost%3A8080%5C%2Fproduct-all.html%22%7D'), ('accessToken', '********************'), ('accessTokenVersion', '********************'), ('jenkins-timestamper-offset', '-28800000')]), 'user_str': 'AnonymousUser', 'filtered_POST_items': [], 'settings': {'ABSOLUTE_URL_OVERRIDES': {}, 'ADMINS': [], 'ALLOWED_HOSTS': [], 'APPEND_SLASH': True, 'AUTHENTICATION_BACKENDS': ['django.contrib.auth.backends.ModelBackend'], 'AUTH_PASSWORD_VALIDATORS': '********************', 'AUTH_USER_MODEL': 'auth.User', 'BASE_DIR': PosixPath('/Users/ganmh/django/py3-django/django01'), 'CACHES': {'default': {'BACKEND': 'django.core.cache.backends.locmem.LocMemCache'}}, 'CACHE_MIDDLEWARE_ALIAS': 'default', 'CACHE_MIDDLEWARE_KEY_PREFIX': '********************', 'CACHE_MIDDLEWARE_SECONDS': 600, 'CSRF_COOKIE_AGE': 31449600, 'CSRF_COOKIE_DOMAIN': None, 'CSRF_COOKIE_HTTPONLY': False, 'CSRF_COOKIE_MASKED': False, 'CSRF_COOKIE_NAME': 'csrftoken', 'CSRF_COOKIE_PATH': '/', 'CSRF_COOKIE_SAMESITE': 'Lax', 'CSRF_COOKIE_SECURE': False, 'CSRF_FAILURE_VIEW': 'django.views.csrf.csrf_failure', 'CSRF_HEADER_NAME': 'HTTP_X_CSRFTOKEN', 'CSRF_TRUSTED_ORIGINS': [], 'CSRF_USE_SESSIONS': False, 'DATABASES': {'default': {'ENGINE': 'django.db.backends.sqlite3', 'NAME': PosixPath('/Users/ganmh/django/py3-django/django01/db.sqlite3'), 'ATOMIC_REQUESTS': False, 'AUTOCOMMIT': True, 'CONN_MAX_AGE': 0, 'CONN_HEALTH_CHECKS': False, 'OPTIONS': {}, 'TIME_ZONE': None, 'USER': '', 'PASSWORD': '********************', 'HOST': '', 'PORT': '', 'TEST': {'CHARSET': None, 'COLLATION': None, 'MIGRATE': True, 'MIRROR': None, 'NAME': None}}}, 'DATABASE_ROUTERS': [], 'DATA_UPLOAD_MAX_MEMORY_SIZE': 2621440, 'DATA_UPLOAD_MAX_NUMBER_FIELDS': 1000, 'DATA_UPLOAD_MAX_NUMBER_FILES': 100, 'DATETIME_FORMAT': 'N j, Y, P', 'DATETIME_INPUT_FORMATS': ['%Y-%m-%d %H:%M:%S', '%Y-%m-%d %H:%M:%S.%f', '%Y-%m-%d %H:%M', '%m/%d/%Y %H:%M:%S', '%m/%d/%Y %H:%M:%S.%f', '%m/%d/%Y %H:%M', '%m/%d/%y %H:%M:%S', '%m/%d/%y %H:%M:%S.%f', '%m/%d/%y %H:%M'], 'DATE_FORMAT': 'N j, Y', 'DATE_INPUT_FORMATS': ['%Y-%m-%d', '%m/%d/%Y', '%m/%d/%y', '%b %d %Y', '%b %d, %Y', '%d %b %Y', '%d %b, %Y', '%B %d %Y', '%B %d, %Y', '%d %B %Y', '%d %B, %Y'], 'DEBUG': True, 'DEBUG_PROPAGATE_EXCEPTIONS': False, 'DECIMAL_SEPARATOR': '.', 'DEFAULT_AUTO_FIELD': 'django.db.models.BigAutoField', 'DEFAULT_CHARSET': 'utf-8', 'DEFAULT_EXCEPTION_REPORTER': 'django.views.debug.ExceptionReporter', 'DEFAULT_EXCEPTION_REPORTER_FILTER': 'django.views.debug.SafeExceptionReporterFilter', 'DEFAULT_FILE_STORAGE': 'django.core.files.storage.FileSystemStorage', 'DEFAULT_FROM_EMAIL': 'webmaster@localhost', 'DEFAULT_INDEX_TABLESPACE': '', 'DEFAULT_TABLESPACE': '', 'DISALLOWED_USER_AGENTS': [], 'EMAIL_BACKEND': 'django.core.mail.backends.smtp.EmailBackend', 'EMAIL_HOST': 'localhost', 'EMAIL_HOST_PASSWORD': '********************', 'EMAIL_HOST_USER': '', 'EMAIL_PORT': 25, 'EMAIL_SSL_CERTFILE': None, 'EMAIL_SSL_KEYFILE': '********************', 'EMAIL_SUBJECT_PREFIX': '[Django] ', 'EMAIL_TIMEOUT': None, 'EMAIL_USE_LOCALTIME': False, 'EMAIL_USE_SSL': False, 'EMAIL_USE_TLS': False, 'FILE_UPLOAD_DIRECTORY_PERMISSIONS': None, 'FILE_UPLOAD_HANDLERS': ['django.core.files.uploadhandler.MemoryFileUploadHandler', 'django.core.files.uploadhandler.TemporaryFileUploadHandler'], 'FILE_UPLOAD_MAX_MEMORY_SIZE': 2621440, 'FILE_UPLOAD_PERMISSIONS': 420, 'FILE_UPLOAD_TEMP_DIR': None, 'FIRST_DAY_OF_WEEK': 0, 'FIXTURE_DIRS': [], 'FORCE_SCRIPT_NAME': None, 'FORMAT_MODULE_PATH': None, 'FORM_RENDERER': 'django.forms.renderers.DjangoTemplates', 'IGNORABLE_404_URLS': [], 'INSTALLED_APPS': ['django.contrib.admin', 'django.contrib.auth', 'django.contrib.contenttypes', 'django.contrib.sessions', 'django.contrib.messages', 'django.contrib.staticfiles'], 'INTERNAL_IPS': [], 'LANGUAGES': [('af', 'Afrikaans'), ('ar', 'Arabic'), ('ar-dz', 'Algerian Arabic'), ('ast', 'Asturian'), ('az', 'Azerbaijani'), ('bg', 'Bulgarian'), ('be', 'Belarusian'), ('bn', 'Bengali'), ('br', 'Breton'), ('bs', 'Bosnian'), ('ca', 'Catalan'), ('ckb', 'Central Kurdish (Sorani)'), ('cs', 'Czech'), ('cy', 'Welsh'), ('da', 'Danish'), ('de', 'German'), ('dsb', 'Lower Sorbian'), ('el', 'Greek'), ('en', 'English'), ('en-au', 'Australian English'), ('en-gb', 'British English'), ('eo', 'Esperanto'), ('es', 'Spanish'), ('es-ar', 'Argentinian Spanish'), ('es-co', 'Colombian Spanish'), ('es-mx', 'Mexican Spanish'), ('es-ni', 'Nicaraguan Spanish'), ('es-ve', 'Venezuelan Spanish'), ('et', 'Estonian'), ('eu', 'Basque'), ('fa', 'Persian'), ('fi', 'Finnish'), ('fr', 'French'), ('fy', 'Frisian'), ('ga', 'Irish'), ('gd', 'Scottish Gaelic'), ('gl', 'Galician'), ('he', 'Hebrew'), ('hi', 'Hindi'), ('hr', 'Croatian'), ('hsb', 'Upper Sorbian'), ('hu', 'Hungarian'), ('hy', 'Armenian'), ('ia', 'Interlingua'), ('id', 'Indonesian'), ('ig', 'Igbo'), ('io', 'Ido'), ('is', 'Icelandic'), ('it', 'Italian'), ('ja', 'Japanese'), ('ka', 'Georgian'), ('kab', 'Kabyle'), ('kk', 'Kazakh'), ('km', 'Khmer'), ('kn', 'Kannada'), ('ko', 'Korean'), ('ky', 'Kyrgyz'), ('lb', 'Luxembourgish'), ('lt', 'Lithuanian'), ('lv', 'Latvian'), ('mk', 'Macedonian'), ('ml', 'Malayalam'), ('mn', 'Mongolian'), ('mr', 'Marathi'), ('ms', 'Malay'), ('my', 'Burmese'), ('nb', 'Norwegian Bokmål'), ('ne', 'Nepali'), ('nl', 'Dutch'), ('nn', 'Norwegian Nynorsk'), ('os', 'Ossetic'), ('pa', 'Punjabi'), ('pl', 'Polish'), ('pt', 'Portuguese'), ('pt-br', 'Brazilian Portuguese'), ('ro', 'Romanian'), ('ru', 'Russian'), ('sk', 'Slovak'), ('sl', 'Slovenian'), ('sq', 'Albanian'), ('sr', 'Serbian'), ('sr-latn', 'Serbian Latin'), ('sv', 'Swedish'), ('sw', 'Swahili'), ('ta', 'Tamil'), ('te', 'Telugu'), ('tg', 'Tajik'), ('th', 'Thai'), ('tk', 'Turkmen'), ('tr', 'Turkish'), ('tt', 'Tatar'), ('udm', 'Udmurt'), ('uk', 'Ukrainian'), ('ur', 'Urdu'), ('uz', 'Uzbek'), ('vi', 'Vietnamese'), ('zh-hans', 'Simplified Chinese'), ('zh-hant', 'Traditional Chinese')], 'LANGUAGES_BIDI': ['he', 'ar', 'ar-dz', 'ckb', 'fa', 'ur'], 'LANGUAGE_CODE': 'en-us', 'LANGUAGE_COOKIE_AGE': None, 'LANGUAGE_COOKIE_DOMAIN': None, 'LANGUAGE_COOKIE_HTTPONLY': False, 'LANGUAGE_COOKIE_NAME': 'django_language', 'LANGUAGE_COOKIE_PATH': '/', 'LANGUAGE_COOKIE_SAMESITE': None, 'LANGUAGE_COOKIE_SECURE': False, 'LOCALE_PATHS': [], 'LOGGING': {'version': 1, 'disable_existing_loggers': False, 'formatters': {'verbose': {'format': '{levelname} {asctime} {module} {process:d} {thread:d} {message}', 'style': '{'}, 'simple': {'format': '{levelname} {message}', 'style': '{'}, 'default': {'format': '%(asctime)s %(name)s  %(pathname)s:%(lineno)d %(module)s:%(funcName)s %(levelname)s- %(message)s', 'datefmt': '%Y-%m-%d %H:%M:%S'}, 'trace': {'format': '%(levelname)s [%(asctime)s] [%(request_id)s] : %(message)s', 'datefmt': '%Y-%m-%d %H:%M:%S'}}, 'filters': {'require_debug_true': {'()': 'django.utils.log.RequireDebugTrue'}, 'request_id': {'()': 'django01.log_middleware.RequestIDFilter'}}, 'handlers': {'console': {'level': 'DEBUG', 'class': 'logging.StreamHandler', 'formatter': 'default'}, 'file': {'level': 'DEBUG', 'class': 'logging.handlers.TimedRotatingFileHandler', 'filename': '/Users/ganmh/django/py3-django/django01/logs/debug.log', 'when': 'D', 'interval': 1, 'formatter': 'trace', 'filters': ['request_id']}, 'request': {'level': 'DEBUG', 'class': 'logging.FileHandler', 'filename': '/Users/ganmh/django/py3-django/django01/logs/request.log', 'formatter': 'default'}, 'server': {'level': 'DEBUG', 'class': 'logging.handlers.WatchedFileHandler', 'filename': '/Users/ganmh/django/py3-django/django01/logs/server.log', 'formatter': 'default'}, 'root': {'level': 'DEBUG', 'class': 'logging.FileHandler', 'filename': '/Users/ganmh/django/py3-django/django01/logs/root.log', 'formatter': 'default'}, 'db_backends': {'level': 'DEBUG', 'class': 'logging.FileHandler', 'filename': '/Users/ganmh/django/py3-django/django01/logs/db_backends.log', 'formatter': 'default'}, 'autoreload': {'level': 'INFO', 'class': 'logging.FileHandler', 'filename': '/Users/ganmh/django/py3-django/django01/logs/autoreload.log', 'formatter': 'default'}, 'default': {'level': 'DEBUG', 'class': 'logging.handlers.RotatingFileHandler', 'filename': '/Users/ganmh/django/py3-django/django01/logs/debug1.log', 'maxBytes': 52428800, 'backupCount': 5, 'formatter': 'default', 'encoding': 'utf-8'}}, 'loggers': {'mylogger': {'level': 'DEBUG', 'handlers': ['console', 'file'], 'propagate': True}, 'django': {'level': 'DEBUG', 'handlers': ['console', 'file'], 'propagate': False}, 'django.request': {'level': 'DEBUG', 'handlers': ['request'], 'propagate': False}, 'django.server': {'level': 'DEBUG', 'handlers': ['server'], 'propagate': False}, 'django.db.backends': {'level': 'DEBUG', 'handlers': ['db_backends'], 'propagate': False}, 'django.utils.autoreload': {'level': 'INFO', 'handlers': ['autoreload'], 'propagate': False}}, 'root': {'level': 'DEBUG', 'handlers': ['root']}}, 'LOGGING_CONFIG': 'logging.config.dictConfig', 'LOGIN_REDIRECT_URL': '/accounts/profile/', 'LOGIN_URL': '/accounts/login/', 'LOGOUT_REDIRECT_URL': None, 'MANAGERS': [], 'MEDIA_ROOT': '', 'MEDIA_URL': '/', 'MESSAGE_STORAGE': 'django.contrib.messages.storage.fallback.FallbackStorage', 'MIDDLEWARE': ['django.middleware.security.SecurityMiddleware', 'django.contrib.sessions.middleware.SessionMiddleware', 'django.middleware.common.CommonMiddleware', 'django.middleware.csrf.CsrfViewMiddleware', 'django.contrib.auth.middleware.AuthenticationMiddleware', 'django.contrib.messages.middleware.MessageMiddleware', 'django.middleware.clickjacking.XFrameOptionsMiddleware', 'django01.log_middleware.RequestIDMiddleware'], 'MIGRATION_MODULES': {}, 'MONTH_DAY_FORMAT': 'F j', 'NUMBER_GROUPING': 0, 'PASSWORD_HASHERS': '********************', 'PASSWORD_RESET_TIMEOUT': '********************', 'PREPEND_WWW': False, 'ROOT_URLCONF': 'django01.urls', 'SECRET_KEY': '********************', 'SECRET_KEY_FALLBACKS': '********************', 'SECURE_CONTENT_TYPE_NOSNIFF': True, 'SECURE_CROSS_ORIGIN_OPENER_POLICY': 'same-origin', 'SECURE_HSTS_INCLUDE_SUBDOMAINS': False, 'SECURE_HSTS_PRELOAD': False, 'SECURE_HSTS_SECONDS': 0, 'SECURE_PROXY_SSL_HEADER': None, 'SECURE_REDIRECT_EXEMPT': [], 'SECURE_REFERRER_POLICY': 'same-origin', 'SECURE_SSL_HOST': None, 'SECURE_SSL_REDIRECT': False, 'SERVER_EMAIL': 'root@localhost', 'SESSION_CACHE_ALIAS': 'default', 'SESSION_COOKIE_AGE': 1209600, 'SESSION_COOKIE_DOMAIN': None, 'SESSION_COOKIE_HTTPONLY': True, 'SESSION_COOKIE_NAME': 'sessionid', 'SESSION_COOKIE_PATH': '/', 'SESSION_COOKIE_SAMESITE': 'Lax', 'SESSION_COOKIE_SECURE': False, 'SESSION_ENGINE': 'django.contrib.sessions.backends.db', 'SESSION_EXPIRE_AT_BROWSER_CLOSE': False, 'SESSION_FILE_PATH': None, 'SESSION_SAVE_EVERY_REQUEST': False, 'SESSION_SERIALIZER': 'django.contrib.sessions.serializers.JSONSerializer', 'SETTINGS_MODULE': 'django01.settings', 'SHORT_DATETIME_FORMAT': 'm/d/Y P', 'SHORT_DATE_FORMAT': 'm/d/Y', 'SIGNING_BACKEND': 'django.core.signing.TimestampSigner', 'SILENCED_SYSTEM_CHECKS': [], 'STATICFILES_DIRS': [], 'STATICFILES_FINDERS': ['django.contrib.staticfiles.finders.FileSystemFinder', 'django.contrib.staticfiles.finders.AppDirectoriesFinder'], 'STATICFILES_STORAGE': 'django.contrib.staticfiles.storage.StaticFilesStorage', 'STATIC_ROOT': None, 'STATIC_URL': '/static/', 'STORAGES': {'default': {'BACKEND': 'django.core.files.storage.FileSystemStorage'}, 'staticfiles': {'BACKEND': 'django.contrib.staticfiles.storage.StaticFilesStorage'}}, 'TEMPLATES': [{'BACKEND': 'django.template.backends.django.DjangoTemplates', 'DIRS': ['/Users/ganmh/django/py3-django/django01/templates'], 'APP_DIRS': True, 'OPTIONS': {'context_processors': ['django.template.context_processors.debug', 'django.template.context_processors.request', 'django.contrib.auth.context_processors.auth', 'django.contrib.messages.context_processors.messages']}}], 'TEST_NON_SERIALIZED_APPS': [], 'TEST_RUNNER': 'django.test.runner.DiscoverRunner', 'THOUSAND_SEPARATOR': ',', 'TIME_FORMAT': 'P', 'TIME_INPUT_FORMATS': ['%H:%M:%S', '%H:%M:%S.%f', '%H:%M'], 'TIME_ZONE': 'UTC', 'USE_DEPRECATED_PYTZ': False, 'USE_I18N': True, 'USE_L10N': True, 'USE_THOUSAND_SEPARATOR': False, 'USE_TZ': True, 'USE_X_FORWARDED_HOST': False, 'USE_X_FORWARDED_PORT': False, 'WSGI_APPLICATION': 'django01.wsgi.application', 'X_FRAME_OPTIONS': 'DENY', 'YEAR_MONTH_FORMAT': 'F Y'}, 'sys_executable': '/Users/ganmh/django/py3-django/django3-env/bin/python', 'sys_version_info': '3.9.6', 'server_time': datetime.datetime(2024, 6, 11, 9, 12, 23, 688932, tzinfo=datetime.timezone.utc), 'django_version_info': '4.2.13', 'sys_path': ['/Users/ganmh/django/py3-django/django01', '/Library/Developer/CommandLineTools/Library/Frameworks/Python3.framework/Versions/3.9/lib/python39.zip', '/Library/Developer/CommandLineTools/Library/Frameworks/Python3.framework/Versions/3.9/lib/python3.9', '/Library/Developer/CommandLineTools/Library/Frameworks/Python3.framework/Versions/3.9/lib/python3.9/lib-dynload', '/Users/ganmh/django/py3-django/django3-env/lib/python3.9/site-packages'], 'template_info': None, 'template_does_not_exist': False, 'postmortem': None, 'request_GET_items': <generator object MultiValueDict.items at 0x104914f20>, 'request_FILES_items': <generator object MultiValueDict.items at 0x104900510>, 'request_insecure_uri': 'http://localhost:8000/web/runoob/', 'raising_view_name': 'app01.views.runoob', 'exception_type': 'AttributeError', 'exception_value': "'_thread._local' object has no attribute 'request_id'", 'lastframe': {'exc_cause': None, 'exc_cause_explicit': None, 'tb': <traceback object at 0x10364ab00>, 'type': 'user', 'filename': '/Users/ganmh/django/py3-django/django01/django01/log_middleware.py', 'function': 'process_response', 'lineno': 52, 'vars': [('self', '<RequestIDMiddleware get_response=BaseHandler._get_response>'), ('request', "<WSGIRequest: GET '/web/runoob/'>"), ('response', '<HttpResponse status_code=200, "text/html; charset=utf-8">')], 'id': 4351896320, 'pre_context': ["        request.request_id = request.META.get('HTTP_X_REQUEST_ID', generate_sid())", '        logger.info("+++++ request_begin: [{}] [{}] {}".format(request.path, request.method, list(request.GET.items())))', '', '    def process_response(self, request, response):', '        logger.info("----- request_end: [{}]".format(request.path))', '        #import pdb;pdb.set_trace()', "        if hasattr(request, 'request_id'):"], 'context_line': "            response['X-Request-ID'] = local.request_id", 'post_context': ['        try:', '            del local.request_id', '        except AttributeError:', '            pass', '        return response'], 'pre_context_lineno': 45, 'colno': '', 'tb_area_colno': ''}}]
INFO [2024-06-11 09:12:58] [6rk4nvk2] : +++++ request_begin: [/web/runoob/] [GET] []
INFO [2024-06-11 09:12:58] [6rk4nvk2] : info log
INFO [2024-06-11 09:12:58] [6rk4nvk2] : ----- request_end: [/web/runoob/]
INFO [2024-06-11 09:14:34] [p0shu4l2] : +++++ request_begin: [/web/runoob/] [GET] []
INFO [2024-06-11 09:14:34] [p0shu4l2] : info log
INFO [2024-06-11 09:14:34] [p0shu4l2] : ----- request_end: [/web/runoob/]
INFO [2024-06-11 09:16:51] [alnfdbl2] : +++++ request_begin: [/web/runoob/] [GET] []
INFO [2024-06-11 09:16:51] [alnfdbl2] : info log
INFO [2024-06-11 09:16:51] [alnfdbl2] : ----- request_end: [/web/runoob/]
